#
# There is insufficient memory for the Java Runtime Environment to continue.
# Native memory allocation (mmap) failed to map 65536 bytes. Error detail: Failed to commit metaspace.
# Possible reasons:
#   The system is out of physical RAM or swap space
#   This process is running with CompressedOops enabled, and the Java Heap may be blocking the growth of the native heap
# Possible solutions:
#   Reduce memory load on the system
#   Increase physical memory or swap space
#   Check if swap backing store is full
#   Decrease Java heap size (-Xmx/-Xms)
#   Decrease number of Java threads
#   Decrease Java thread stack sizes (-Xss)
#   Set larger code cache with -XX:ReservedCodeCacheSize=
#     placed in the first 32GB address space. The Java Heap base address is the
#     maximum limit for the native heap growth. Please use -XX:HeapBaseMinAddress
#     to set the Java Heap base and to place the Java Heap above 32GB virtual address.
# This output file may be truncated or incomplete.
#
#  Out of Memory Error (virtualSpaceNode.cpp:112), pid=16840, tid=10624
#
# JRE version: Java(TM) SE Runtime Environment (22.0.2+9) (build 22.0.2+9-70)
# Java VM: Java HotSpot(TM) 64-Bit Server VM (22.0.2+9-70, mixed mode, sharing, tiered, compressed oops, compressed class ptrs, g1 gc, windows-amd64)
# No core dump will be written. Minidumps are not enabled by default on client versions of Windows
#

---------------  S U M M A R Y ------------

Command Line: -Dfile.encoding=UTF-8 --add-modules=ALL-DEFAULT jdk.compiler/com.sun.tools.javac.launcher.SourceLauncher C:\Users\Admin\Documents\GitHub\CNTT_TH02862\MOB1023\src\QuaDien\src\quadien\Main.java

Host: AMD Ryzen 7 7840HS w/ Radeon 780M Graphics     , 16 cores, 15G,  Windows 10 , 64 bit Build 19041 (10.0.19041.4842)
Time: Thu Sep 19 22:49:52 2024 SE Asia Standard Time elapsed time: 0.099605 seconds (0d 0h 0m 0s)

---------------  T H R E A D  ---------------

Current thread (0x000002495b6a1070):  JavaThread "main"             [_thread_in_vm, id=10624, stack(0x000000b65a000000,0x000000b65a100000) (1024K)]

Stack: [0x000000b65a000000,0x000000b65a100000]
Native frames: (J=compiled Java code, j=interpreted, Vv=VM code, C=native code)
V  [jvm.dll+0x6e26e9]  (no source info available)
V  [jvm.dll+0x875753]  (no source info available)
V  [jvm.dll+0x877b7e]  (no source info available)
V  [jvm.dll+0x878253]  (no source info available)
V  [jvm.dll+0x27fc86]  (no source info available)
V  [jvm.dll+0x87139e]  (no source info available)
V  [jvm.dll+0x685755]  (no source info available)
V  [jvm.dll+0x6857ba]  (no source info available)
V  [jvm.dll+0x687ffa]  (no source info available)
V  [jvm.dll+0x224f6c]  (no source info available)
V  [jvm.dll+0x68616e]  (no source info available)
V  [jvm.dll+0x6c315e]  (no source info available)
V  [jvm.dll+0x3c3ce5]  (no source info available)
V  [jvm.dll+0x3c3c05]  (no source info available)
V  [jvm.dll+0x3da4d7]  (no source info available)
C  0x000002496cffb6fc  (no source info available)

The last pc belongs to anewarray (printed below).
Java frames: (J=compiled Java code, j=interpreted, Vv=VM code)
j  sun.util.locale.BaseLocale.<clinit>()V+15 java.base@22.0.2
v  ~StubRoutines::call_stub 0x000002496cfe100d
j  java.util.Locale.createConstant(B)Ljava/util/Locale;+0 java.base@22.0.2
j  java.util.Locale.<clinit>()V+27 java.base@22.0.2
v  ~StubRoutines::call_stub 0x000002496cfe100d
j  com.sun.tools.javac.util.JavacMessages.setCurrentLocale(Ljava/util/Locale;)V+4 jdk.compiler@22.0.2
j  com.sun.tools.javac.util.JavacMessages.<init>(Ljava/lang/String;Ljava/util/Locale;)V+29 jdk.compiler@22.0.2
j  com.sun.tools.javac.util.JavacMessages.<init>(Lcom/sun/tools/javac/util/Context;)V+12 jdk.compiler@22.0.2
j  com.sun.tools.javac.util.JavacMessages.instance(Lcom/sun/tools/javac/util/Context;)Lcom/sun/tools/javac/util/JavacMessages;+20 jdk.compiler@22.0.2
j  com.sun.tools.javac.util.JCDiagnostic$Factory.<init>(Lcom/sun/tools/javac/util/Context;)V+2 jdk.compiler@22.0.2
j  com.sun.tools.javac.util.JCDiagnostic$Factory.instance(Lcom/sun/tools/javac/util/Context;)Lcom/sun/tools/javac/util/JCDiagnostic$Factory;+20 jdk.compiler@22.0.2
j  com.sun.tools.javac.util.Log.<init>(Lcom/sun/tools/javac/util/Context;Ljava/util/Map;)V+2 jdk.compiler@22.0.2
j  com.sun.tools.javac.util.Log.<init>(Lcom/sun/tools/javac/util/Context;)V+6 jdk.compiler@22.0.2
j  com.sun.tools.javac.util.Log.instance(Lcom/sun/tools/javac/util/Context;)Lcom/sun/tools/javac/util/Log;+20 jdk.compiler@22.0.2
j  com.sun.tools.javac.file.BaseFileManager.setContext(Lcom/sun/tools/javac/util/Context;)V+2 jdk.compiler@22.0.2
j  com.sun.tools.javac.file.JavacFileManager.setContext(Lcom/sun/tools/javac/util/Context;)V+2 jdk.compiler@22.0.2
j  com.sun.tools.javac.file.JavacFileManager.<init>(Lcom/sun/tools/javac/util/Context;ZLjava/nio/charset/Charset;)V+60 jdk.compiler@22.0.2
j  com.sun.tools.javac.api.JavacTool.getStandardFileManager(Ljavax/tools/DiagnosticListener;Ljava/util/Locale;Ljava/nio/charset/Charset;)Lcom/sun/tools/javac/file/JavacFileManager;+91 jdk.compiler@22.0.2
j  com.sun.tools.javac.launcher.ProgramDescriptor.of(Lcom/sun/tools/javac/launcher/ProgramFileObject;)Lcom/sun/tools/javac/launcher/ProgramDescriptor;+13 jdk.compiler@22.0.2
j  com.sun.tools.javac.launcher.SourceLauncher.run([Ljava/lang/String;[Ljava/lang/String;)Lcom/sun/tools/javac/launcher/Result;+10 jdk.compiler@22.0.2
j  com.sun.tools.javac.launcher.SourceLauncher.main([Ljava/lang/String;)V+17 jdk.compiler@22.0.2
v  ~StubRoutines::call_stub 0x000002496cfe100d
anewarray  189 anewarray  [0x000002496cffb680, 0x000002496cffb770]  240 bytes
[MachCode]
  0x000002496cffb680: 8b04 2448 | 83c4 0845 | 0fb7 4501 | 410f c841 | c1e8 1048 | 8b55 e848 | 8b52 0848 | 8b52 08e8 
  0x000002496cffb6a0: 0500 0000 | e9ab 0000 | 004c 8bc8 | 488d 4424 | 084c 896d | c049 8bcf | c5f8 7749 | 89af b003 
  0x000002496cffb6c0: 0000 4989 | 87a0 0300 | 0048 83ec | 2040 f6c4 | 0f0f 8419 | 0000 0048 | 83ec 0848 | b860 a421 
  0x000002496cffb6e0: 44fe 7f00 | 00ff d048 | 83c4 08e9 | 0c00 0000 | 48b8 60a4 | 2144 fe7f | 0000 ffd0 | 4883 c420 
  0x000002496cffb700: 49c7 87a0 | 0300 0000 | 0000 0049 | c787 b003 | 0000 0000 | 0000 49c7 | 87a8 0300 | 0000 0000 
  0x000002496cffb720: 00c5 f877 | 4983 7f08 | 000f 8405 | 0000 00e9 | cc57 feff | 498b 87f8 | 0300 0049 | c787 f803 
  0x000002496cffb740: 0000 0000 | 0000 4c8b | 6dc0 4c8b | 75c8 4e8d | 74f5 00c3 | 410f b65d | 0349 83c5 | 0349 ba30 
  0x000002496cffb760: 09ac 44fe | 7f00 0041 | ff24 da0f | 1f44 0000 
[/MachCode]

---------------  P R O C E S S  ---------------

Threads class SMR info:
_java_thread_list=0x0000024945226f90, length=13, elements={
0x000002495b6a1070, 0x000002497cfde740, 0x000002497cfdfa70, 0x000002497cfe21e0,
0x000002497cfe2d30, 0x000002497cfe3880, 0x000002497cff42c0, 0x000002497cff8c80,
0x000002497d003320, 0x000002497cfaabb0, 0x00000249451f92c0, 0x00000249451f70b0,
0x000002494529b1d0
}

Java Threads: ( => current thread )
=>0x000002495b6a1070 JavaThread "main"                              [_thread_in_vm, id=10624, stack(0x000000b65a000000,0x000000b65a100000) (1024K)]
  0x000002497cfde740 JavaThread "Reference Handler"          daemon [_thread_blocked, id=13148, stack(0x000000b65a800000,0x000000b65a900000) (1024K)]
  0x000002497cfdfa70 JavaThread "Finalizer"                  daemon [_thread_blocked, id=7264, stack(0x000000b65a900000,0x000000b65aa00000) (1024K)]
  0x000002497cfe21e0 JavaThread "Signal Dispatcher"          daemon [_thread_blocked, id=16808, stack(0x000000b65aa00000,0x000000b65ab00000) (1024K)]
  0x000002497cfe2d30 JavaThread "Attach Listener"            daemon [_thread_blocked, id=14988, stack(0x000000b65ab00000,0x000000b65ac00000) (1024K)]
  0x000002497cfe3880 JavaThread "Service Thread"             daemon [_thread_blocked, id=14700, stack(0x000000b65ac00000,0x000000b65ad00000) (1024K)]
  0x000002497cff42c0 JavaThread "Monitor Deflation Thread"   daemon [_thread_blocked, id=16736, stack(0x000000b65ad00000,0x000000b65ae00000) (1024K)]
  0x000002497cff8c80 JavaThread "C2 CompilerThread0"         daemon [_thread_blocked, id=17196, stack(0x000000b65ae00000,0x000000b65af00000) (1024K)]
  0x000002497d003320 JavaThread "C1 CompilerThread0"         daemon [_thread_blocked, id=3132, stack(0x000000b65af00000,0x000000b65b000000) (1024K)]
  0x000002497cfaabb0 JavaThread "Common-Cleaner"             daemon [_thread_blocked, id=16448, stack(0x000000b65b000000,0x000000b65b100000) (1024K)]
  0x00000249451f92c0 JavaThread "C1 CompilerThread1"         daemon [_thread_blocked, id=16360, stack(0x000000b65b100000,0x000000b65b200000) (1024K)]
  0x00000249451f70b0 JavaThread "C1 CompilerThread2"         daemon [_thread_blocked, id=3748, stack(0x000000b65b200000,0x000000b65b300000) (1024K)]
  0x000002494529b1d0 JavaThread "Notification Thread"        daemon [_thread_blocked, id=6520, stack(0x000000b65b300000,0x000000b65b400000) (1024K)]
Total: 13

Other Threads:
  0x000002497cfc3c40 VMThread "VM Thread"                           [id=2868, stack(0x000000b65a700000,0x000000b65a800000) (1024K)]
  0x000002497cfa9ea0 WatcherThread "VM Periodic Task Thread"        [id=16496, stack(0x000000b65a600000,0x000000b65a700000) (1024K)]
  0x000002495d894ce0 WorkerThread "GC Thread#0"                     [id=6448, stack(0x000000b65a100000,0x000000b65a200000) (1024K)]
  0x000002495d8a5190 ConcurrentGCThread "G1 Main Marker"            [id=13408, stack(0x000000b65a200000,0x000000b65a300000) (1024K)]
  0x000002495d8a6440 WorkerThread "G1 Conc#0"                       [id=3320, stack(0x000000b65a300000,0x000000b65a400000) (1024K)]
  0x000002497ce7a990 ConcurrentGCThread "G1 Refine#0"               [id=13804, stack(0x000000b65a400000,0x000000b65a500000) (1024K)]
  0x000002497ce7d330 ConcurrentGCThread "G1 Service"                [id=12776, stack(0x000000b65a500000,0x000000b65a600000) (1024K)]
Total: 7

Threads with active compile tasks:
Total: 0

VM state: not at safepoint (normal execution)

VM Mutex/Monitor currently owned by a thread:  ([mutex/lock_event])
[0x00007ffe44aaab00] Metaspace_lock - owner thread: 0x000002495b6a1070
[0x00007ffe44aab880] MultiArray_lock - owner thread: 0x000002495b6a1070

Heap address: 0x000000070ce00000, size: 3890 MB, Compressed Oops mode: Zero based, Oop shift amount: 3

CDS archive(s) mapped at: [0x0000024900000000-0x0000024900c60000-0x0000024900c60000), size 12976128, SharedBaseAddress: 0x0000024900000000, ArchiveRelocationMode: 1.
Compressed class space mapped at: 0x0000024901000000-0x0000024941000000, reserved size: 1073741824
Narrow klass base: 0x0000024900000000, Narrow klass shift: 0, Narrow klass range: 0x41000000

GC Precious Log:
 CardTable entry size: 512
 Card Set container configuration: InlinePtr #cards 4 size 8 Array Of Cards #cards 16 size 48 Howl #buckets 8 coarsen threshold 3686 Howl Bitmap #cards 512 size 80 coarsen threshold 460 Card regions per heap region 1 cards per card region 4096
 CPUs: 16 total, 16 available
 Memory: 15554M
 Large Page Support: Disabled
 NUMA Support: Disabled
 Compressed Oops: Enabled (Zero based)
 Heap Region Size: 2M
 Heap Min Capacity: 8M
 Heap Initial Capacity: 244M
 Heap Max Capacity: 3890M
 Pre-touch: Disabled
 Parallel Workers: 13
 Concurrent Workers: 3
 Concurrent Refinement Workers: 13
 Periodic GC: Disabled

Heap:
 garbage-first heap   total reserved 3983360K, committed 249856K, used 4096K [0x000000070ce00000, 0x0000000800000000)
  region size 2048K, 3 young (6144K), 0 survivors (0K)
 Metaspace       used 1407K, committed 1536K, reserved 1114112K
  class space    used 154K, committed 192K, reserved 1048576K

Heap Regions: E=young(eden), S=young(survivor), O=old, HS=humongous(starts), HC=humongous(continues), CS=collection set, F=free, TAMS=top-at-mark-start, PB=parsable bottom
|   0|0x000000070ce00000, 0x000000070ce00000, 0x000000070d000000|  0%| F|  |TAMS 0x000000070ce00000| PB 0x000000070ce00000| Untracked |  0
|   1|0x000000070d000000, 0x000000070d000000, 0x000000070d200000|  0%| F|  |TAMS 0x000000070d000000| PB 0x000000070d000000| Untracked |  0
|   2|0x000000070d200000, 0x000000070d200000, 0x000000070d400000|  0%| F|  |TAMS 0x000000070d200000| PB 0x000000070d200000| Untracked |  0
|   3|0x000000070d400000, 0x000000070d400000, 0x000000070d600000|  0%| F|  |TAMS 0x000000070d400000| PB 0x000000070d400000| Untracked |  0
|   4|0x000000070d600000, 0x000000070d600000, 0x000000070d800000|  0%| F|  |TAMS 0x000000070d600000| PB 0x000000070d600000| Untracked |  0
|   5|0x000000070d800000, 0x000000070d800000, 0x000000070da00000|  0%| F|  |TAMS 0x000000070d800000| PB 0x000000070d800000| Untracked |  0
|   6|0x000000070da00000, 0x000000070da00000, 0x000000070dc00000|  0%| F|  |TAMS 0x000000070da00000| PB 0x000000070da00000| Untracked |  0
|   7|0x000000070dc00000, 0x000000070dc00000, 0x000000070de00000|  0%| F|  |TAMS 0x000000070dc00000| PB 0x000000070dc00000| Untracked |  0
|   8|0x000000070de00000, 0x000000070de00000, 0x000000070e000000|  0%| F|  |TAMS 0x000000070de00000| PB 0x000000070de00000| Untracked |  0
|   9|0x000000070e000000, 0x000000070e000000, 0x000000070e200000|  0%| F|  |TAMS 0x000000070e000000| PB 0x000000070e000000| Untracked |  0
|  10|0x000000070e200000, 0x000000070e200000, 0x000000070e400000|  0%| F|  |TAMS 0x000000070e200000| PB 0x000000070e200000| Untracked |  0
|  11|0x000000070e400000, 0x000000070e400000, 0x000000070e600000|  0%| F|  |TAMS 0x000000070e400000| PB 0x000000070e400000| Untracked |  0
|  12|0x000000070e600000, 0x000000070e600000, 0x000000070e800000|  0%| F|  |TAMS 0x000000070e600000| PB 0x000000070e600000| Untracked |  0
|  13|0x000000070e800000, 0x000000070e800000, 0x000000070ea00000|  0%| F|  |TAMS 0x000000070e800000| PB 0x000000070e800000| Untracked |  0
|  14|0x000000070ea00000, 0x000000070ea00000, 0x000000070ec00000|  0%| F|  |TAMS 0x000000070ea00000| PB 0x000000070ea00000| Untracked |  0
|  15|0x000000070ec00000, 0x000000070ec00000, 0x000000070ee00000|  0%| F|  |TAMS 0x000000070ec00000| PB 0x000000070ec00000| Untracked |  0
|  16|0x000000070ee00000, 0x000000070ee00000, 0x000000070f000000|  0%| F|  |TAMS 0x000000070ee00000| PB 0x000000070ee00000| Untracked |  0
|  17|0x000000070f000000, 0x000000070f000000, 0x000000070f200000|  0%| F|  |TAMS 0x000000070f000000| PB 0x000000070f000000| Untracked |  0
|  18|0x000000070f200000, 0x000000070f200000, 0x000000070f400000|  0%| F|  |TAMS 0x000000070f200000| PB 0x000000070f200000| Untracked |  0
|  19|0x000000070f400000, 0x000000070f400000, 0x000000070f600000|  0%| F|  |TAMS 0x000000070f400000| PB 0x000000070f400000| Untracked |  0
|  20|0x000000070f600000, 0x000000070f600000, 0x000000070f800000|  0%| F|  |TAMS 0x000000070f600000| PB 0x000000070f600000| Untracked |  0
|  21|0x000000070f800000, 0x000000070f800000, 0x000000070fa00000|  0%| F|  |TAMS 0x000000070f800000| PB 0x000000070f800000| Untracked |  0
|  22|0x000000070fa00000, 0x000000070fa00000, 0x000000070fc00000|  0%| F|  |TAMS 0x000000070fa00000| PB 0x000000070fa00000| Untracked |  0
|  23|0x000000070fc00000, 0x000000070fc00000, 0x000000070fe00000|  0%| F|  |TAMS 0x000000070fc00000| PB 0x000000070fc00000| Untracked |  0
|  24|0x000000070fe00000, 0x000000070fe00000, 0x0000000710000000|  0%| F|  |TAMS 0x000000070fe00000| PB 0x000000070fe00000| Untracked |  0
|  25|0x0000000710000000, 0x0000000710000000, 0x0000000710200000|  0%| F|  |TAMS 0x0000000710000000| PB 0x0000000710000000| Untracked |  0
|  26|0x0000000710200000, 0x0000000710200000, 0x0000000710400000|  0%| F|  |TAMS 0x0000000710200000| PB 0x0000000710200000| Untracked |  0
|  27|0x0000000710400000, 0x0000000710400000, 0x0000000710600000|  0%| F|  |TAMS 0x0000000710400000| PB 0x0000000710400000| Untracked |  0
|  28|0x0000000710600000, 0x0000000710600000, 0x0000000710800000|  0%| F|  |TAMS 0x0000000710600000| PB 0x0000000710600000| Untracked |  0
|  29|0x0000000710800000, 0x0000000710800000, 0x0000000710a00000|  0%| F|  |TAMS 0x0000000710800000| PB 0x0000000710800000| Untracked |  0
|  30|0x0000000710a00000, 0x0000000710a00000, 0x0000000710c00000|  0%| F|  |TAMS 0x0000000710a00000| PB 0x0000000710a00000| Untracked |  0
|  31|0x0000000710c00000, 0x0000000710c00000, 0x0000000710e00000|  0%| F|  |TAMS 0x0000000710c00000| PB 0x0000000710c00000| Untracked |  0
|  32|0x0000000710e00000, 0x0000000710e00000, 0x0000000711000000|  0%| F|  |TAMS 0x0000000710e00000| PB 0x0000000710e00000| Untracked |  0
|  33|0x0000000711000000, 0x0000000711000000, 0x0000000711200000|  0%| F|  |TAMS 0x0000000711000000| PB 0x0000000711000000| Untracked |  0
|  34|0x0000000711200000, 0x0000000711200000, 0x0000000711400000|  0%| F|  |TAMS 0x0000000711200000| PB 0x0000000711200000| Untracked |  0
|  35|0x0000000711400000, 0x0000000711400000, 0x0000000711600000|  0%| F|  |TAMS 0x0000000711400000| PB 0x0000000711400000| Untracked |  0
|  36|0x0000000711600000, 0x0000000711600000, 0x0000000711800000|  0%| F|  |TAMS 0x0000000711600000| PB 0x0000000711600000| Untracked |  0
|  37|0x0000000711800000, 0x0000000711800000, 0x0000000711a00000|  0%| F|  |TAMS 0x0000000711800000| PB 0x0000000711800000| Untracked |  0
|  38|0x0000000711a00000, 0x0000000711a00000, 0x0000000711c00000|  0%| F|  |TAMS 0x0000000711a00000| PB 0x0000000711a00000| Untracked |  0
|  39|0x0000000711c00000, 0x0000000711c00000, 0x0000000711e00000|  0%| F|  |TAMS 0x0000000711c00000| PB 0x0000000711c00000| Untracked |  0
|  40|0x0000000711e00000, 0x0000000711e00000, 0x0000000712000000|  0%| F|  |TAMS 0x0000000711e00000| PB 0x0000000711e00000| Untracked |  0
|  41|0x0000000712000000, 0x0000000712000000, 0x0000000712200000|  0%| F|  |TAMS 0x0000000712000000| PB 0x0000000712000000| Untracked |  0
|  42|0x0000000712200000, 0x0000000712200000, 0x0000000712400000|  0%| F|  |TAMS 0x0000000712200000| PB 0x0000000712200000| Untracked |  0
|  43|0x0000000712400000, 0x0000000712400000, 0x0000000712600000|  0%| F|  |TAMS 0x0000000712400000| PB 0x0000000712400000| Untracked |  0
|  44|0x0000000712600000, 0x0000000712600000, 0x0000000712800000|  0%| F|  |TAMS 0x0000000712600000| PB 0x0000000712600000| Untracked |  0
|  45|0x0000000712800000, 0x0000000712800000, 0x0000000712a00000|  0%| F|  |TAMS 0x0000000712800000| PB 0x0000000712800000| Untracked |  0
|  46|0x0000000712a00000, 0x0000000712a00000, 0x0000000712c00000|  0%| F|  |TAMS 0x0000000712a00000| PB 0x0000000712a00000| Untracked |  0
|  47|0x0000000712c00000, 0x0000000712c00000, 0x0000000712e00000|  0%| F|  |TAMS 0x0000000712c00000| PB 0x0000000712c00000| Untracked |  0
|  48|0x0000000712e00000, 0x0000000712e00000, 0x0000000713000000|  0%| F|  |TAMS 0x0000000712e00000| PB 0x0000000712e00000| Untracked |  0
|  49|0x0000000713000000, 0x0000000713000000, 0x0000000713200000|  0%| F|  |TAMS 0x0000000713000000| PB 0x0000000713000000| Untracked |  0
|  50|0x0000000713200000, 0x0000000713200000, 0x0000000713400000|  0%| F|  |TAMS 0x0000000713200000| PB 0x0000000713200000| Untracked |  0
|  51|0x0000000713400000, 0x0000000713400000, 0x0000000713600000|  0%| F|  |TAMS 0x0000000713400000| PB 0x0000000713400000| Untracked |  0
|  52|0x0000000713600000, 0x0000000713600000, 0x0000000713800000|  0%| F|  |TAMS 0x0000000713600000| PB 0x0000000713600000| Untracked |  0
|  53|0x0000000713800000, 0x0000000713800000, 0x0000000713a00000|  0%| F|  |TAMS 0x0000000713800000| PB 0x0000000713800000| Untracked |  0
|  54|0x0000000713a00000, 0x0000000713a00000, 0x0000000713c00000|  0%| F|  |TAMS 0x0000000713a00000| PB 0x0000000713a00000| Untracked |  0
|  55|0x0000000713c00000, 0x0000000713c00000, 0x0000000713e00000|  0%| F|  |TAMS 0x0000000713c00000| PB 0x0000000713c00000| Untracked |  0
|  56|0x0000000713e00000, 0x0000000713e00000, 0x0000000714000000|  0%| F|  |TAMS 0x0000000713e00000| PB 0x0000000713e00000| Untracked |  0
|  57|0x0000000714000000, 0x0000000714000000, 0x0000000714200000|  0%| F|  |TAMS 0x0000000714000000| PB 0x0000000714000000| Untracked |  0
|  58|0x0000000714200000, 0x0000000714200000, 0x0000000714400000|  0%| F|  |TAMS 0x0000000714200000| PB 0x0000000714200000| Untracked |  0
|  59|0x0000000714400000, 0x0000000714400000, 0x0000000714600000|  0%| F|  |TAMS 0x0000000714400000| PB 0x0000000714400000| Untracked |  0
|  60|0x0000000714600000, 0x0000000714600000, 0x0000000714800000|  0%| F|  |TAMS 0x0000000714600000| PB 0x0000000714600000| Untracked |  0
|  61|0x0000000714800000, 0x0000000714800000, 0x0000000714a00000|  0%| F|  |TAMS 0x0000000714800000| PB 0x0000000714800000| Untracked |  0
|  62|0x0000000714a00000, 0x0000000714a00000, 0x0000000714c00000|  0%| F|  |TAMS 0x0000000714a00000| PB 0x0000000714a00000| Untracked |  0
|  63|0x0000000714c00000, 0x0000000714c00000, 0x0000000714e00000|  0%| F|  |TAMS 0x0000000714c00000| PB 0x0000000714c00000| Untracked |  0
|  64|0x0000000714e00000, 0x0000000714e00000, 0x0000000715000000|  0%| F|  |TAMS 0x0000000714e00000| PB 0x0000000714e00000| Untracked |  0
|  65|0x0000000715000000, 0x0000000715000000, 0x0000000715200000|  0%| F|  |TAMS 0x0000000715000000| PB 0x0000000715000000| Untracked |  0
|  66|0x0000000715200000, 0x0000000715200000, 0x0000000715400000|  0%| F|  |TAMS 0x0000000715200000| PB 0x0000000715200000| Untracked |  0
|  67|0x0000000715400000, 0x0000000715400000, 0x0000000715600000|  0%| F|  |TAMS 0x0000000715400000| PB 0x0000000715400000| Untracked |  0
|  68|0x0000000715600000, 0x0000000715600000, 0x0000000715800000|  0%| F|  |TAMS 0x0000000715600000| PB 0x0000000715600000| Untracked |  0
|  69|0x0000000715800000, 0x0000000715800000, 0x0000000715a00000|  0%| F|  |TAMS 0x0000000715800000| PB 0x0000000715800000| Untracked |  0
|  70|0x0000000715a00000, 0x0000000715a00000, 0x0000000715c00000|  0%| F|  |TAMS 0x0000000715a00000| PB 0x0000000715a00000| Untracked |  0
|  71|0x0000000715c00000, 0x0000000715c00000, 0x0000000715e00000|  0%| F|  |TAMS 0x0000000715c00000| PB 0x0000000715c00000| Untracked |  0
|  72|0x0000000715e00000, 0x0000000715e00000, 0x0000000716000000|  0%| F|  |TAMS 0x0000000715e00000| PB 0x0000000715e00000| Untracked |  0
|  73|0x0000000716000000, 0x0000000716000000, 0x0000000716200000|  0%| F|  |TAMS 0x0000000716000000| PB 0x0000000716000000| Untracked |  0
|  74|0x0000000716200000, 0x0000000716200000, 0x0000000716400000|  0%| F|  |TAMS 0x0000000716200000| PB 0x0000000716200000| Untracked |  0
|  75|0x0000000716400000, 0x0000000716400000, 0x0000000716600000|  0%| F|  |TAMS 0x0000000716400000| PB 0x0000000716400000| Untracked |  0
|  76|0x0000000716600000, 0x0000000716600000, 0x0000000716800000|  0%| F|  |TAMS 0x0000000716600000| PB 0x0000000716600000| Untracked |  0
|  77|0x0000000716800000, 0x0000000716800000, 0x0000000716a00000|  0%| F|  |TAMS 0x0000000716800000| PB 0x0000000716800000| Untracked |  0
|  78|0x0000000716a00000, 0x0000000716a00000, 0x0000000716c00000|  0%| F|  |TAMS 0x0000000716a00000| PB 0x0000000716a00000| Untracked |  0
|  79|0x0000000716c00000, 0x0000000716c00000, 0x0000000716e00000|  0%| F|  |TAMS 0x0000000716c00000| PB 0x0000000716c00000| Untracked |  0
|  80|0x0000000716e00000, 0x0000000716e00000, 0x0000000717000000|  0%| F|  |TAMS 0x0000000716e00000| PB 0x0000000716e00000| Untracked |  0
|  81|0x0000000717000000, 0x0000000717000000, 0x0000000717200000|  0%| F|  |TAMS 0x0000000717000000| PB 0x0000000717000000| Untracked |  0
|  82|0x0000000717200000, 0x0000000717200000, 0x0000000717400000|  0%| F|  |TAMS 0x0000000717200000| PB 0x0000000717200000| Untracked |  0
|  83|0x0000000717400000, 0x0000000717400000, 0x0000000717600000|  0%| F|  |TAMS 0x0000000717400000| PB 0x0000000717400000| Untracked |  0
|  84|0x0000000717600000, 0x0000000717600000, 0x0000000717800000|  0%| F|  |TAMS 0x0000000717600000| PB 0x0000000717600000| Untracked |  0
|  85|0x0000000717800000, 0x0000000717800000, 0x0000000717a00000|  0%| F|  |TAMS 0x0000000717800000| PB 0x0000000717800000| Untracked |  0
|  86|0x0000000717a00000, 0x0000000717a00000, 0x0000000717c00000|  0%| F|  |TAMS 0x0000000717a00000| PB 0x0000000717a00000| Untracked |  0
|  87|0x0000000717c00000, 0x0000000717c00000, 0x0000000717e00000|  0%| F|  |TAMS 0x0000000717c00000| PB 0x0000000717c00000| Untracked |  0
|  88|0x0000000717e00000, 0x0000000717e00000, 0x0000000718000000|  0%| F|  |TAMS 0x0000000717e00000| PB 0x0000000717e00000| Untracked |  0
|  89|0x0000000718000000, 0x0000000718000000, 0x0000000718200000|  0%| F|  |TAMS 0x0000000718000000| PB 0x0000000718000000| Untracked |  0
|  90|0x0000000718200000, 0x0000000718200000, 0x0000000718400000|  0%| F|  |TAMS 0x0000000718200000| PB 0x0000000718200000| Untracked |  0
|  91|0x0000000718400000, 0x0000000718400000, 0x0000000718600000|  0%| F|  |TAMS 0x0000000718400000| PB 0x0000000718400000| Untracked |  0
|  92|0x0000000718600000, 0x0000000718600000, 0x0000000718800000|  0%| F|  |TAMS 0x0000000718600000| PB 0x0000000718600000| Untracked |  0
|  93|0x0000000718800000, 0x0000000718800000, 0x0000000718a00000|  0%| F|  |TAMS 0x0000000718800000| PB 0x0000000718800000| Untracked |  0
|  94|0x0000000718a00000, 0x0000000718a00000, 0x0000000718c00000|  0%| F|  |TAMS 0x0000000718a00000| PB 0x0000000718a00000| Untracked |  0
|  95|0x0000000718c00000, 0x0000000718c00000, 0x0000000718e00000|  0%| F|  |TAMS 0x0000000718c00000| PB 0x0000000718c00000| Untracked |  0
|  96|0x0000000718e00000, 0x0000000718e00000, 0x0000000719000000|  0%| F|  |TAMS 0x0000000718e00000| PB 0x0000000718e00000| Untracked |  0
|  97|0x0000000719000000, 0x0000000719000000, 0x0000000719200000|  0%| F|  |TAMS 0x0000000719000000| PB 0x0000000719000000| Untracked |  0
|  98|0x0000000719200000, 0x0000000719200000, 0x0000000719400000|  0%| F|  |TAMS 0x0000000719200000| PB 0x0000000719200000| Untracked |  0
|  99|0x0000000719400000, 0x0000000719400000, 0x0000000719600000|  0%| F|  |TAMS 0x0000000719400000| PB 0x0000000719400000| Untracked |  0
| 100|0x0000000719600000, 0x0000000719600000, 0x0000000719800000|  0%| F|  |TAMS 0x0000000719600000| PB 0x0000000719600000| Untracked |  0
| 101|0x0000000719800000, 0x0000000719800000, 0x0000000719a00000|  0%| F|  |TAMS 0x0000000719800000| PB 0x0000000719800000| Untracked |  0
| 102|0x0000000719a00000, 0x0000000719a00000, 0x0000000719c00000|  0%| F|  |TAMS 0x0000000719a00000| PB 0x0000000719a00000| Untracked |  0
| 103|0x0000000719c00000, 0x0000000719c00000, 0x0000000719e00000|  0%| F|  |TAMS 0x0000000719c00000| PB 0x0000000719c00000| Untracked |  0
| 104|0x0000000719e00000, 0x0000000719e00000, 0x000000071a000000|  0%| F|  |TAMS 0x0000000719e00000| PB 0x0000000719e00000| Untracked |  0
| 105|0x000000071a000000, 0x000000071a000000, 0x000000071a200000|  0%| F|  |TAMS 0x000000071a000000| PB 0x000000071a000000| Untracked |  0
| 106|0x000000071a200000, 0x000000071a200000, 0x000000071a400000|  0%| F|  |TAMS 0x000000071a200000| PB 0x000000071a200000| Untracked |  0
| 107|0x000000071a400000, 0x000000071a400000, 0x000000071a600000|  0%| F|  |TAMS 0x000000071a400000| PB 0x000000071a400000| Untracked |  0
| 108|0x000000071a600000, 0x000000071a600000, 0x000000071a800000|  0%| F|  |TAMS 0x000000071a600000| PB 0x000000071a600000| Untracked |  0
| 109|0x000000071a800000, 0x000000071a800000, 0x000000071aa00000|  0%| F|  |TAMS 0x000000071a800000| PB 0x000000071a800000| Untracked |  0
| 110|0x000000071aa00000, 0x000000071aa00000, 0x000000071ac00000|  0%| F|  |TAMS 0x000000071aa00000| PB 0x000000071aa00000| Untracked |  0
| 111|0x000000071ac00000, 0x000000071ac00000, 0x000000071ae00000|  0%| F|  |TAMS 0x000000071ac00000| PB 0x000000071ac00000| Untracked |  0
| 112|0x000000071ae00000, 0x000000071ae00000, 0x000000071b000000|  0%| F|  |TAMS 0x000000071ae00000| PB 0x000000071ae00000| Untracked |  0
| 113|0x000000071b000000, 0x000000071b000000, 0x000000071b200000|  0%| F|  |TAMS 0x000000071b000000| PB 0x000000071b000000| Untracked |  0
| 114|0x000000071b200000, 0x000000071b200000, 0x000000071b400000|  0%| F|  |TAMS 0x000000071b200000| PB 0x000000071b200000| Untracked |  0
| 115|0x000000071b400000, 0x000000071b400000, 0x000000071b600000|  0%| F|  |TAMS 0x000000071b400000| PB 0x000000071b400000| Untracked |  0
| 116|0x000000071b600000, 0x000000071b600000, 0x000000071b800000|  0%| F|  |TAMS 0x000000071b600000| PB 0x000000071b600000| Untracked |  0
| 117|0x000000071b800000, 0x000000071b800000, 0x000000071ba00000|  0%| F|  |TAMS 0x000000071b800000| PB 0x000000071b800000| Untracked |  0
| 118|0x000000071ba00000, 0x000000071ba00000, 0x000000071bc00000|  0%| F|  |TAMS 0x000000071ba00000| PB 0x000000071ba00000| Untracked |  0
| 119|0x000000071bc00000, 0x000000071bc7ae30, 0x000000071be00000| 24%| E|  |TAMS 0x000000071bc00000| PB 0x000000071bc00000| Complete |  0
| 120|0x000000071be00000, 0x000000071c000000, 0x000000071c000000|100%| E|CS|TAMS 0x000000071be00000| PB 0x000000071be00000| Complete |  0
| 121|0x000000071c000000, 0x000000071c200000, 0x000000071c200000|100%| E|CS|TAMS 0x000000071c000000| PB 0x000000071c000000| Complete |  0

Card table byte_map: [0x0000024975bb0000,0x0000024976350000] _byte_map_base: 0x0000024972349000

Marking Bits: (CMBitMap*) 0x000002495d8953f0
 Bits: [0x0000024976350000, 0x000002497a018000)

Polling page: 0x000002495b780000

Metaspace:

Usage:
  Non-class:      1.22 MB used.
      Class:    154.48 KB used.
       Both:      1.37 MB used.

Virtual space:
  Non-class space:       64.00 MB reserved,       1.31 MB (  2%) committed,  1 nodes.
      Class space:        1.00 GB reserved,     192.00 KB ( <1%) committed,  1 nodes.
             Both:        1.06 GB reserved,       1.50 MB ( <1%) committed. 

Chunk freelists:
   Non-Class:  11.42 MB
       Class:  15.64 MB
        Both:  27.06 MB

MaxMetaspaceSize: unlimited
CompressedClassSpaceSize: 1.00 GB
Initial GC threshold: 21.00 MB
Current GC threshold: 21.00 MB
CDS: on
 - commit_granule_bytes: 65536.
 - commit_granule_words: 8192.
 - virtual_space_node_default_size: 8388608.
 - enlarge_chunks_in_place: 1.
 - use_allocation_guard: 0.


Internal statistics:

num_allocs_failed_limit: 0.
num_arena_births: 10.
num_arena_deaths: 0.
num_vsnodes_births: 2.
num_vsnodes_deaths: 0.
num_space_committed: 24.
num_space_uncommitted: 0.
num_chunks_returned_to_freelist: 0.
num_chunks_taken_from_freelist: 46.
num_chunk_merges: 0.
num_chunk_splits: 34.
num_chunks_enlarged: 25.
num_inconsistent_stats: 0.

CodeHeap 'non-profiled nmethods': size=119168Kb used=85Kb max_used=85Kb free=119082Kb
 bounds [0x000002496d730000, 0x000002496d9a0000, 0x0000024974b90000]
CodeHeap 'profiled nmethods': size=119104Kb used=349Kb max_used=349Kb free=118754Kb
 bounds [0x0000024965b90000, 0x0000024965e00000, 0x000002496cfe0000]
CodeHeap 'non-nmethods': size=7488Kb used=2535Kb max_used=2549Kb free=4952Kb
 bounds [0x000002496cfe0000, 0x000002496d270000, 0x000002496d730000]
 total_blobs=704 nmethods=296 adapters=311
 compilation: enabled
              stopped_count=0, restarted_count=0
 full_count=0

Compilation events (20 events):
Event: 0.097 Thread 0x00000249451f70b0  285       3       java.nio.ByteBuffer::position (8 bytes)
Event: 0.097 Thread 0x00000249451f92c0  286       3       java.nio.Buffer::limit (65 bytes)
Event: 0.097 Thread 0x00000249451f70b0 nmethod 285 0x0000024965be2b10 code [0x0000024965be2cc0, 0x0000024965be2e10]
Event: 0.097 Thread 0x00000249451f70b0  287       3       java.nio.ByteBuffer::limit (8 bytes)
Event: 0.097 Thread 0x00000249451f92c0 nmethod 286 0x0000024965be2e90 code [0x0000024965be3040, 0x0000024965be32d0]
Event: 0.097 Thread 0x00000249451f70b0 nmethod 287 0x0000024965be3390 code [0x0000024965be3540, 0x0000024965be3690]
Event: 0.098 Thread 0x00000249451f70b0  289       1       java.nio.DirectByteBuffer::attachment (5 bytes)
Event: 0.098 Thread 0x000002497d003320  290       3       java.nio.ByteOrder::nativeOrder (4 bytes)
Event: 0.098 Thread 0x00000249451f70b0 nmethod 289 0x000002496d745210 code [0x000002496d7453a0, 0x000002496d745470]
Event: 0.098 Thread 0x000002497d003320 nmethod 290 0x0000024965be3710 code [0x0000024965be38a0, 0x0000024965be3998]
Event: 0.098 Thread 0x000002497d003320  291       3       java.util.HashSet::contains (9 bytes)
Event: 0.098 Thread 0x00000249451f92c0  292       3       java.nio.MappedByteBuffer::position (8 bytes)
Event: 0.098 Thread 0x00000249451f70b0  293       3       java.nio.MappedByteBuffer::limit (8 bytes)
Event: 0.098 Thread 0x00000249451f92c0 nmethod 292 0x0000024965be3a10 code [0x0000024965be3bc0, 0x0000024965be3d70]
Event: 0.098 Thread 0x00000249451f70b0 nmethod 293 0x0000024965be3e90 code [0x0000024965be4040, 0x0000024965be41f0]
Event: 0.098 Thread 0x000002497d003320 nmethod 291 0x0000024965be4310 code [0x0000024965be44c0, 0x0000024965be4738]
Event: 0.098 Thread 0x00000249451f92c0  294   !   3       java.lang.invoke.MemberName::getMethodType (213 bytes)
Event: 0.099 Thread 0x00000249451f70b0  295       3       jdk.internal.org.objectweb.asm.Symbol::<init> (38 bytes)
Event: 0.099 Thread 0x000002497d003320  296       3       jdk.internal.org.objectweb.asm.SymbolTable::put (150 bytes)
Event: 0.099 Thread 0x00000249451f70b0 nmethod 295 0x0000024965be4810 code [0x0000024965be49c0, 0x0000024965be4c68]

GC Heap History (0 events):
No events

Dll operation events (5 events):
Event: 0.004 Loaded shared library C:\Program Files\Java\jdk-22\bin\java.dll
Event: 0.031 Loaded shared library C:\Program Files\Java\jdk-22\bin\jsvml.dll
Event: 0.058 Loaded shared library C:\Program Files\Java\jdk-22\bin\jimage.dll
Event: 0.065 Loaded shared library C:\Program Files\Java\jdk-22\bin\net.dll
Event: 0.066 Loaded shared library C:\Program Files\Java\jdk-22\bin\nio.dll

Deoptimization events (0 events):
No events

Classes loaded (20 events):
Event: 0.090 Loading class java/util/JumboEnumSet
Event: 0.090 Loading class java/util/JumboEnumSet done
Event: 0.090 Loading class jdk/internal/foreign/MemorySessionImpl
Event: 0.090 Loading class java/lang/foreign/MemorySegment$Scope
Event: 0.090 Loading class java/lang/foreign/MemorySegment$Scope done
Event: 0.090 Loading class jdk/internal/foreign/MemorySessionImpl done
Event: 0.090 Loading class java/nio/file/FileVisitOption
Event: 0.090 Loading class java/nio/file/FileVisitOption done
Event: 0.091 Loading class sun/nio/fs/WindowsPath$1
Event: 0.091 Loading class sun/nio/fs/WindowsPath$1 done
Event: 0.092 Loading class java/io/FileNotFoundException
Event: 0.093 Loading class java/io/FileNotFoundException done
Event: 0.096 Loading class java/nio/file/FileSystemNotFoundException
Event: 0.096 Loading class java/nio/file/FileSystemNotFoundException done
Event: 0.096 Loading class java/util/JumboEnumSet$EnumSetIterator
Event: 0.096 Loading class java/util/JumboEnumSet$EnumSetIterator done
Event: 0.098 Loading class java/util/MissingResourceException
Event: 0.098 Loading class java/util/MissingResourceException done
Event: 0.098 Loading class java/lang/IndexOutOfBoundsException
Event: 0.098 Loading class java/lang/IndexOutOfBoundsException done

Classes unloaded (0 events):
No events

Classes redefined (0 events):
No events

Internal exceptions (0 events):
No events

ZGC Phase Switch (0 events):
No events

VM Operations (2 events):
Event: 0.050 Executing VM operation: HandshakeAllThreads (Deoptimize)
Event: 0.050 Executing VM operation: HandshakeAllThreads (Deoptimize) done

Memory protections (0 events):
No events

Nmethod flushes (0 events):
No events

Events (13 events):
Event: 0.019 Thread 0x000002495b6a1070 Thread added: 0x000002495b6a1070
Event: 0.030 Thread 0x000002495b6a1070 Thread added: 0x000002497cfde740
Event: 0.030 Thread 0x000002495b6a1070 Thread added: 0x000002497cfdfa70
Event: 0.030 Thread 0x000002495b6a1070 Thread added: 0x000002497cfe21e0
Event: 0.030 Thread 0x000002495b6a1070 Thread added: 0x000002497cfe2d30
Event: 0.030 Thread 0x000002495b6a1070 Thread added: 0x000002497cfe3880
Event: 0.030 Thread 0x000002495b6a1070 Thread added: 0x000002497cff42c0
Event: 0.030 Thread 0x000002495b6a1070 Thread added: 0x000002497cff8c80
Event: 0.031 Thread 0x000002495b6a1070 Thread added: 0x000002497d003320
Event: 0.047 Thread 0x000002495b6a1070 Thread added: 0x000002497cfaabb0
Event: 0.050 Thread 0x000002497d003320 Thread added: 0x00000249451f92c0
Event: 0.051 Thread 0x00000249451f92c0 Thread added: 0x00000249451f70b0
Event: 0.056 Thread 0x000002495b6a1070 Thread added: 0x000002494529b1d0


Dynamic libraries:
0x00007ff7137a0000 - 0x00007ff7137b0000 	C:\Program Files\Java\jdk-22\bin\java.exe
0x00007ffef28d0000 - 0x00007ffef2ac8000 	C:\Windows\SYSTEM32\ntdll.dll
0x00007ffef1de0000 - 0x00007ffef1ea1000 	C:\Windows\System32\KERNEL32.DLL
0x00007ffef0420000 - 0x00007ffef071d000 	C:\Windows\System32\KERNELBASE.dll
0x00007ffeeff80000 - 0x00007ffef0080000 	C:\Windows\System32\ucrtbase.dll
0x00007ffee3860000 - 0x00007ffee387b000 	C:\Program Files\Java\jdk-22\bin\VCRUNTIME140.dll
0x00007ffee3020000 - 0x00007ffee3037000 	C:\Program Files\Java\jdk-22\bin\jli.dll
0x00007ffef1000000 - 0x00007ffef119d000 	C:\Windows\System32\USER32.dll
0x00007ffee23c0000 - 0x00007ffee265a000 	C:\Windows\WinSxS\amd64_microsoft.windows.common-controls_6595b64144ccf1df_6.0.19041.4355_none_60b8b9eb71f62e16\COMCTL32.dll
0x00007ffef0080000 - 0x00007ffef00a2000 	C:\Windows\System32\win32u.dll
0x00007ffef26e0000 - 0x00007ffef277e000 	C:\Windows\System32\msvcrt.dll
0x00007ffef0d00000 - 0x00007ffef0d2b000 	C:\Windows\System32\GDI32.dll
0x00007ffef0260000 - 0x00007ffef0377000 	C:\Windows\System32\gdi32full.dll
0x00007ffef0380000 - 0x00007ffef041d000 	C:\Windows\System32\msvcp_win.dll
0x00007ffef21c0000 - 0x00007ffef21ef000 	C:\Windows\System32\IMM32.DLL
0x00007ffee66c0000 - 0x00007ffee66cc000 	C:\Program Files\Java\jdk-22\bin\vcruntime140_1.dll
0x00007ffeb5fd0000 - 0x00007ffeb605e000 	C:\Program Files\Java\jdk-22\bin\msvcp140.dll
0x00007ffe43e40000 - 0x00007ffe44b89000 	C:\Program Files\Java\jdk-22\bin\server\jvm.dll
0x00007ffef2630000 - 0x00007ffef26e0000 	C:\Windows\System32\ADVAPI32.dll
0x00007ffef1ee0000 - 0x00007ffef1f80000 	C:\Windows\System32\sechost.dll
0x00007ffef0900000 - 0x00007ffef0a23000 	C:\Windows\System32\RPCRT4.dll
0x00007ffef08d0000 - 0x00007ffef08f7000 	C:\Windows\System32\bcrypt.dll
0x00007ffef2780000 - 0x00007ffef27eb000 	C:\Windows\System32\WS2_32.dll
0x00007ffeef510000 - 0x00007ffeef55b000 	C:\Windows\SYSTEM32\POWRPROF.dll
0x00007ffee4390000 - 0x00007ffee43b7000 	C:\Windows\SYSTEM32\WINMM.dll
0x00007ffeea4d0000 - 0x00007ffeea4da000 	C:\Windows\SYSTEM32\VERSION.dll
0x00007ffeef380000 - 0x00007ffeef392000 	C:\Windows\SYSTEM32\UMPDC.dll
0x00007ffeedde0000 - 0x00007ffeeddf2000 	C:\Windows\SYSTEM32\kernel.appcore.dll
0x00007ffee3bb0000 - 0x00007ffee3bba000 	C:\Program Files\Java\jdk-22\bin\jimage.dll
0x00007ffee7680000 - 0x00007ffee7864000 	C:\Windows\SYSTEM32\DBGHELP.DLL
0x00007ffed5800000 - 0x00007ffed5834000 	C:\Windows\SYSTEM32\dbgcore.DLL
0x00007ffef00b0000 - 0x00007ffef0132000 	C:\Windows\System32\bcryptPrimitives.dll
0x00007ffee3840000 - 0x00007ffee385e000 	C:\Program Files\Java\jdk-22\bin\java.dll
0x00007ffef1610000 - 0x00007ffef1d7f000 	C:\Windows\System32\SHELL32.dll
0x00007ffef0bc0000 - 0x00007ffef0ceb000 	C:\Windows\System32\ole32.dll
0x00007ffef21f0000 - 0x00007ffef2543000 	C:\Windows\System32\combase.dll
0x00007ffeee000000 - 0x00007ffeee7a3000 	C:\Windows\SYSTEM32\windows.storage.dll
0x00007ffeef9b0000 - 0x00007ffeef9de000 	C:\Windows\SYSTEM32\Wldp.dll
0x00007ffef1f80000 - 0x00007ffef204d000 	C:\Windows\System32\OLEAUT32.dll
0x00007ffef2110000 - 0x00007ffef21bd000 	C:\Windows\System32\SHCORE.dll
0x00007ffef2050000 - 0x00007ffef20a5000 	C:\Windows\System32\shlwapi.dll
0x00007ffeefeb0000 - 0x00007ffeefed4000 	C:\Windows\SYSTEM32\profapi.dll
0x00007ffe68b70000 - 0x00007ffe68c47000 	C:\Program Files\Java\jdk-22\bin\jsvml.dll
0x00007ffee3970000 - 0x00007ffee3980000 	C:\Program Files\Java\jdk-22\bin\net.dll
0x00007ffeef710000 - 0x00007ffeef77a000 	C:\Windows\system32\mswsock.dll
0x00007ffee3800000 - 0x00007ffee3816000 	C:\Program Files\Java\jdk-22\bin\nio.dll

dbghelp: loaded successfully - version: 4.0.5 - missing functions: none
symbol engine: initialized successfully - sym options: 0x614 - pdb path: .;C:\Program Files\Java\jdk-22\bin;C:\Windows\SYSTEM32;C:\Windows\WinSxS\amd64_microsoft.windows.common-controls_6595b64144ccf1df_6.0.19041.4355_none_60b8b9eb71f62e16;C:\Program Files\Java\jdk-22\bin\server

VM Arguments:
jvm_args: -Dfile.encoding=UTF-8 --add-modules=ALL-DEFAULT 
java_command: jdk.compiler/com.sun.tools.javac.launcher.SourceLauncher C:\Users\Admin\Documents\GitHub\CNTT_TH02862\MOB1023\src\QuaDien\src\quadien\Main.java
java_class_path (initial): .
Launcher Type: SUN_STANDARD

[Global flags]
     intx CICompilerCount                          = 12                                        {product} {ergonomic}
     uint ConcGCThreads                            = 3                                         {product} {ergonomic}
     uint G1ConcRefinementThreads                  = 13                                        {product} {ergonomic}
   size_t G1HeapRegionSize                         = 2097152                                   {product} {ergonomic}
   size_t InitialHeapSize                          = 255852544                                 {product} {ergonomic}
   size_t MarkStackSize                            = 4194304                                   {product} {ergonomic}
   size_t MaxHeapSize                              = 4078960640                                {product} {ergonomic}
   size_t MaxNewSize                               = 2447376384                                {product} {ergonomic}
   size_t MinHeapDeltaBytes                        = 2097152                                   {product} {ergonomic}
   size_t MinHeapSize                              = 8388608                                   {product} {ergonomic}
    uintx NonNMethodCodeHeapSize                   = 7602480                                {pd product} {ergonomic}
    uintx NonProfiledCodeHeapSize                  = 122027880                              {pd product} {ergonomic}
    uintx ProfiledCodeHeapSize                     = 122027880                              {pd product} {ergonomic}
    uintx ReservedCodeCacheSize                    = 251658240                              {pd product} {ergonomic}
     bool SegmentedCodeCache                       = true                                      {product} {ergonomic}
   size_t SoftMaxHeapSize                          = 4078960640                             {manageable} {ergonomic}
     bool UseCompressedOops                        = true                           {product lp64_product} {ergonomic}
     bool UseG1GC                                  = true                                      {product} {ergonomic}
     bool UseLargePagesIndividualAllocation        = false                                  {pd product} {ergonomic}

Logging:
Log output configuration:
 #0: stdout all=warning uptime,level,tags foldmultilines=false
 #1: stderr all=off uptime,level,tags foldmultilines=false

Environment Variables:
PATH=C:\Program Files\Common Files\Oracle\Java\javapath;C:\Python312\Scripts\;C:\Python312\;C:\ProgramData\Oracle\Java\javapath;c:\Users\Admin\AppData\Local\Programs\cursor\resources\app\bin;C:\Windows\system32;C:\Windows;C:\Windows\System32\Wbem;C:\Windows\System32\WindowsPowerShell\v1.0\;C:\Windows\System32\OpenSSH\;C:\Program Files\NVIDIA Corporation\NVIDIA app\NvDLISR;C:\Program Files (x86)\NVIDIA Corporation\PhysX\Common;C:\Users\Admin\AppData\Local\Microsoft\WindowsApps;c:\Users\Admin\AppData\Local\Programs\cursor\resources\app\bin;C:\Program Files\Git\cmd;C:\Program Files\nodejs\;C:\Program Files\PuTTY\;C:\ProgramData\chocolatey\bin;C:\Program Files\Tailscale\;C:\Users\Admin\AppData\Local\Microsoft\WindowsApps;C:\Users\Admin\AppData\Local\GitHubDesktop\bin;C:\Users\Admin\AppData\Roaming\npm;C:\Users\Admin\AppData\Local\Programs\Microsoft VS Code\bin;C:\Users\Admin\AppData\Local\Programs\Azure Data Studio\bin
USERNAME=Admin
OS=Windows_NT
PROCESSOR_IDENTIFIER=AMD64 Family 25 Model 116 Stepping 1, AuthenticAMD
TMP=C:\Users\Admin\AppData\Local\Temp
TEMP=C:\Users\Admin\AppData\Local\Temp




Periodic native trim disabled

---------------  S Y S T E M  ---------------

OS:
 Windows 10 , 64 bit Build 19041 (10.0.19041.4842)
OS uptime: 0 days 9:23 hours

CPU: total 16 (initial active 16) (16 cores per cpu, 2 threads per core) family 25 model 116 stepping 1 microcode 0x0, cx8, cmov, fxsr, ht, mmx, 3dnowpref, sse, sse2, sse3, ssse3, sse4a, sse4.1, sse4.2, popcnt, lzcnt, tsc, tscinvbit, avx, avx2, aes, erms, clmul, bmi1, bmi2, adx, avx512f, avx512dq, avx512cd, avx512bw, avx512vl, sha, fma, vzeroupper, avx512_vpopcntdq, avx512_vpclmulqdq, avx512_vaes, avx512_vnni, clflush, clflushopt, avx512_vbmi2, avx512_vbmi, rdtscp, rdpid, fsrm, gfni, avx512_bitalg, f16c, pku, cet_ss, avx512_ifma
Processor Information for all 16 processors :
  Max Mhz: 3801, Current Mhz: 3801, Mhz Limit: 3801

Memory: 4k page, system-wide physical 15554M (5886M free)
TotalPageFile size 23746M (AvailPageFile size 0M)
current process WorkingSet (physical memory assigned to process): 41M, peak: 41M
current process commit charge ("private bytes"): 340M, peak: 340M

vm_info: Java HotSpot(TM) 64-Bit Server VM (22.0.2+9-70) for windows-amd64 JRE (22.0.2+9-70), built on 2024-06-04T16:52:23Z by "mach5one" with MS VC++ 17.6 (VS2022)

END.
