#
# There is insufficient memory for the Java Runtime Environment to continue.
# Native memory allocation (mmap) failed to map 255852544 bytes. Error detail: G1 virtual space
# Possible reasons:
#   The system is out of physical RAM or swap space
#   This process is running with CompressedOops enabled, and the Java Heap may be blocking the growth of the native heap
# Possible solutions:
#   Reduce memory load on the system
#   Increase physical memory or swap space
#   Check if swap backing store is full
#   Decrease Java heap size (-Xmx/-Xms)
#   Decrease number of Java threads
#   Decrease Java thread stack sizes (-Xss)
#   Set larger code cache with -XX:ReservedCodeCacheSize=
#   JVM is running with Zero Based Compressed Oops mode in which the Java heap is
#     placed in the first 32GB address space. The Java Heap base address is the
#     maximum limit for the native heap growth. Please use -XX:HeapBaseMinAddress
#     to set the Java Heap base and to place the Java Heap above 32GB virtual address.
# This output file may be truncated or incomplete.
#
#  Out of Memory Error (os_windows.cpp:3631), pid=10392, tid=17132
#
# JRE version:  (22.0.2+9) (build )
# Java VM: Java HotSpot(TM) 64-Bit Server VM (22.0.2+9-70, mixed mode, sharing, tiered, compressed oops, compressed class ptrs, g1 gc, windows-amd64)
# No core dump will be written. Minidumps are not enabled by default on client versions of Windows
#

---------------  S U M M A R Y ------------

Command Line: -Dfile.encoding=UTF-8 --add-modules=ALL-DEFAULT jdk.compiler/com.sun.tools.javac.launcher.SourceLauncher C:\Users\Admin\Documents\GitHub\CNTT_TH02862\MOB1023\src\QuaDien\src\quadien\Main.java

Host: AMD Ryzen 7 7840HS w/ Radeon 780M Graphics     , 16 cores, 15G,  Windows 10 , 64 bit Build 19041 (10.0.19041.4842)
Time: Thu Sep 19 22:57:36 2024 SE Asia Standard Time elapsed time: 0.007086 seconds (0d 0h 0m 0s)

---------------  T H R E A D  ---------------

Current thread (0x000001b3bd03e960):  JavaThread "Unknown thread" [_thread_in_vm, id=17132, stack(0x0000007f4bd00000,0x0000007f4be00000) (1024K)]

Stack: [0x0000007f4bd00000,0x0000007f4be00000]
Native frames: (J=compiled Java code, j=interpreted, Vv=VM code, C=native code)
V  [jvm.dll+0x6e26e9]  (no source info available)
V  [jvm.dll+0x875753]  (no source info available)
V  [jvm.dll+0x877b7e]  (no source info available)
V  [jvm.dll+0x878253]  (no source info available)
V  [jvm.dll+0x27fc86]  (no source info available)
V  [jvm.dll+0x6ded85]  (no source info available)
V  [jvm.dll+0x6d388a]  (no source info available)
V  [jvm.dll+0x358b8a]  (no source info available)
V  [jvm.dll+0x3610b6]  (no source info available)
V  [jvm.dll+0x3b419e]  (no source info available)
V  [jvm.dll+0x3b4448]  (no source info available)
V  [jvm.dll+0x32c5ec]  (no source info available)
V  [jvm.dll+0x32d258]  (no source info available)
V  [jvm.dll+0x83d5ac]  (no source info available)
V  [jvm.dll+0x3c10d1]  (no source info available)
V  [jvm.dll+0x8264cc]  (no source info available)
V  [jvm.dll+0x45bd5e]  (no source info available)
V  [jvm.dll+0x45dbe1]  (no source info available)
C  [jli.dll+0x52a3]  (no source info available)
C  [ucrtbase.dll+0x21bb2]  (no source info available)
C  [KERNEL32.DLL+0x17374]  (no source info available)
C  [ntdll.dll+0x4cc91]  (no source info available)


---------------  P R O C E S S  ---------------

Threads class SMR info:
_java_thread_list=0x00007ffe44a2c1c8, length=0, elements={
}

Java Threads: ( => current thread )
Total: 0

Other Threads:
  0x000001b3bf2939a0 WorkerThread "GC Thread#0"                     [id=16588, stack(0x0000007f4be00000,0x0000007f4bf00000) (1024K)]
  0x000001b3bf2c0590 ConcurrentGCThread "G1 Main Marker"            [id=1620, stack(0x0000007f4bf00000,0x0000007f4c000000) (1024K)]
  0x000001b3bf2c10a0 WorkerThread "G1 Conc#0"                       [id=13004, stack(0x0000007f4c000000,0x0000007f4c100000) (1024K)]

[error occurred during error reporting (printing all threads), id 0xc0000005, EXCEPTION_ACCESS_VIOLATION (0xc0000005) at pc=0x00007ffe4417f517]
VM state: not at safepoint (not fully initialized)

VM Mutex/Monitor currently owned by a thread:  ([mutex/lock_event])
[0x00007ffe44aacc80] Heap_lock - owner thread: 0x000001b3bd03e960

Heap address: 0x000000070ce00000, size: 3890 MB, Compressed Oops mode: Zero based, Oop shift amount: 3

CDS archive(s) mapped at: [0x0000000000000000-0x0000000000000000-0x0000000000000000), size 0, SharedBaseAddress: 0x0000000800000000, ArchiveRelocationMode: 1.
Narrow klass base: 0x0000000000000000, Narrow klass shift: 0, Narrow klass range: 0x0

GC Precious Log:
 CardTable entry size: 512
 Card Set container configuration: InlinePtr #cards 4 size 8 Array Of Cards #cards 16 size 48 Howl #buckets 8 coarsen threshold 3686 Howl Bitmap #cards 512 size 80 coarsen threshold 460 Card regions per heap region 1 cards per card region 4096

Heap:
 garbage-first heap   total reserved 3983360K, committed 0K, used 0K [0x000000070ce00000, 0x0000000800000000)
  region size 2048K, 0 young (0K), 0 survivors (0K)

[error occurred during error reporting (printing heap information), id 0xc0000005, EXCEPTION_ACCESS_VIOLATION (0xc0000005) at pc=0x00007ffe4457e869]
GC Heap History (0 events):
No events

Dll operation events (1 events):
Event: 0.005 Loaded shared library C:\Program Files\Java\jdk-22\bin\java.dll

Deoptimization events (0 events):
No events

Classes loaded (0 events):
No events

Classes unloaded (0 events):
No events

Classes redefined (0 events):
No events

Internal exceptions (0 events):
No events

ZGC Phase Switch (0 events):
No events

VM Operations (0 events):
No events

Memory protections (0 events):
No events

Nmethod flushes (0 events):
No events

Events (0 events):
No events


Dynamic libraries:
0x00007ff7137a0000 - 0x00007ff7137b0000 	C:\Program Files\Java\jdk-22\bin\java.exe
0x00007ffef28d0000 - 0x00007ffef2ac8000 	C:\Windows\SYSTEM32\ntdll.dll
0x00007ffef1de0000 - 0x00007ffef1ea1000 	C:\Windows\System32\KERNEL32.DLL
0x00007ffef0420000 - 0x00007ffef071d000 	C:\Windows\System32\KERNELBASE.dll
0x00007ffeeff80000 - 0x00007ffef0080000 	C:\Windows\System32\ucrtbase.dll
0x00007ffee3020000 - 0x00007ffee3037000 	C:\Program Files\Java\jdk-22\bin\jli.dll
0x00007ffee3860000 - 0x00007ffee387b000 	C:\Program Files\Java\jdk-22\bin\VCRUNTIME140.dll
0x00007ffef1000000 - 0x00007ffef119d000 	C:\Windows\System32\USER32.dll
0x00007ffef0080000 - 0x00007ffef00a2000 	C:\Windows\System32\win32u.dll
0x00007ffee23c0000 - 0x00007ffee265a000 	C:\Windows\WinSxS\amd64_microsoft.windows.common-controls_6595b64144ccf1df_6.0.19041.4355_none_60b8b9eb71f62e16\COMCTL32.dll
0x00007ffef0d00000 - 0x00007ffef0d2b000 	C:\Windows\System32\GDI32.dll
0x00007ffef26e0000 - 0x00007ffef277e000 	C:\Windows\System32\msvcrt.dll
0x00007ffef0260000 - 0x00007ffef0377000 	C:\Windows\System32\gdi32full.dll
0x00007ffef0380000 - 0x00007ffef041d000 	C:\Windows\System32\msvcp_win.dll
0x00007ffef21c0000 - 0x00007ffef21ef000 	C:\Windows\System32\IMM32.DLL
0x00007ffee66c0000 - 0x00007ffee66cc000 	C:\Program Files\Java\jdk-22\bin\vcruntime140_1.dll
0x00007ffeb5fd0000 - 0x00007ffeb605e000 	C:\Program Files\Java\jdk-22\bin\msvcp140.dll
0x00007ffe43e40000 - 0x00007ffe44b89000 	C:\Program Files\Java\jdk-22\bin\server\jvm.dll
0x00007ffef2630000 - 0x00007ffef26e0000 	C:\Windows\System32\ADVAPI32.dll
0x00007ffef1ee0000 - 0x00007ffef1f80000 	C:\Windows\System32\sechost.dll
0x00007ffef0900000 - 0x00007ffef0a23000 	C:\Windows\System32\RPCRT4.dll
0x00007ffef08d0000 - 0x00007ffef08f7000 	C:\Windows\System32\bcrypt.dll
0x00007ffef2780000 - 0x00007ffef27eb000 	C:\Windows\System32\WS2_32.dll
0x00007ffeef510000 - 0x00007ffeef55b000 	C:\Windows\SYSTEM32\POWRPROF.dll
0x00007ffee4390000 - 0x00007ffee43b7000 	C:\Windows\SYSTEM32\WINMM.dll
0x00007ffeea4d0000 - 0x00007ffeea4da000 	C:\Windows\SYSTEM32\VERSION.dll
0x00007ffeef380000 - 0x00007ffeef392000 	C:\Windows\SYSTEM32\UMPDC.dll
0x00007ffeedde0000 - 0x00007ffeeddf2000 	C:\Windows\SYSTEM32\kernel.appcore.dll
0x00007ffee3bb0000 - 0x00007ffee3bba000 	C:\Program Files\Java\jdk-22\bin\jimage.dll
0x00007ffee7680000 - 0x00007ffee7864000 	C:\Windows\SYSTEM32\DBGHELP.DLL
0x00007ffed5800000 - 0x00007ffed5834000 	C:\Windows\SYSTEM32\dbgcore.DLL
0x00007ffef00b0000 - 0x00007ffef0132000 	C:\Windows\System32\bcryptPrimitives.dll
0x00007ffee3840000 - 0x00007ffee385e000 	C:\Program Files\Java\jdk-22\bin\java.dll
0x00007ffef1610000 - 0x00007ffef1d7f000 	C:\Windows\System32\SHELL32.dll
0x00007ffef0bc0000 - 0x00007ffef0ceb000 	C:\Windows\System32\ole32.dll
0x00007ffef21f0000 - 0x00007ffef2543000 	C:\Windows\System32\combase.dll

dbghelp: loaded successfully - version: 4.0.5 - missing functions: none
symbol engine: initialized successfully - sym options: 0x614 - pdb path: .;C:\Program Files\Java\jdk-22\bin;C:\Windows\SYSTEM32;C:\Windows\WinSxS\amd64_microsoft.windows.common-controls_6595b64144ccf1df_6.0.19041.4355_none_60b8b9eb71f62e16;C:\Program Files\Java\jdk-22\bin\server

VM Arguments:
jvm_args: -Dfile.encoding=UTF-8 --add-modules=ALL-DEFAULT 
java_command: jdk.compiler/com.sun.tools.javac.launcher.SourceLauncher C:\Users\Admin\Documents\GitHub\CNTT_TH02862\MOB1023\src\QuaDien\src\quadien\Main.java
java_class_path (initial): .
Launcher Type: SUN_STANDARD

[Global flags]
     intx CICompilerCount                          = 12                                        {product} {ergonomic}
     uint ConcGCThreads                            = 3                                         {product} {ergonomic}
     uint G1ConcRefinementThreads                  = 13                                        {product} {ergonomic}
   size_t G1HeapRegionSize                         = 2097152                                   {product} {ergonomic}
   size_t InitialHeapSize                          = 255852544                                 {product} {ergonomic}
   size_t MarkStackSize                            = 4194304                                   {product} {ergonomic}
   size_t MaxHeapSize                              = 4078960640                                {product} {ergonomic}
   size_t MinHeapDeltaBytes                        = 2097152                                   {product} {ergonomic}
   size_t MinHeapSize                              = 8388608                                   {product} {ergonomic}
    uintx NonNMethodCodeHeapSize                   = 7602480                                {pd product} {ergonomic}
    uintx NonProfiledCodeHeapSize                  = 122027880                              {pd product} {ergonomic}
    uintx ProfiledCodeHeapSize                     = 122027880                              {pd product} {ergonomic}
    uintx ReservedCodeCacheSize                    = 251658240                              {pd product} {ergonomic}
     bool SegmentedCodeCache                       = true                                      {product} {ergonomic}
   size_t SoftMaxHeapSize                          = 4078960640                             {manageable} {ergonomic}
     bool UseCompressedOops                        = true                           {product lp64_product} {ergonomic}
     bool UseG1GC                                  = true                                      {product} {ergonomic}
     bool UseLargePagesIndividualAllocation        = false                                  {pd product} {ergonomic}

Logging:
Log output configuration:
 #0: stdout all=warning uptime,level,tags foldmultilines=false
 #1: stderr all=off uptime,level,tags foldmultilines=false

Environment Variables:
PATH=C:\Program Files\Common Files\Oracle\Java\javapath;C:\Python312\Scripts\;C:\Python312\;C:\ProgramData\Oracle\Java\javapath;c:\Users\Admin\AppData\Local\Programs\cursor\resources\app\bin;C:\Windows\system32;C:\Windows;C:\Windows\System32\Wbem;C:\Windows\System32\WindowsPowerShell\v1.0\;C:\Windows\System32\OpenSSH\;C:\Program Files\NVIDIA Corporation\NVIDIA app\NvDLISR;C:\Program Files (x86)\NVIDIA Corporation\PhysX\Common;C:\Users\Admin\AppData\Local\Microsoft\WindowsApps;c:\Users\Admin\AppData\Local\Programs\cursor\resources\app\bin;C:\Program Files\Git\cmd;C:\Program Files\nodejs\;C:\Program Files\PuTTY\;C:\ProgramData\chocolatey\bin;C:\Program Files\Tailscale\;C:\Users\Admin\AppData\Local\Microsoft\WindowsApps;C:\Users\Admin\AppData\Local\GitHubDesktop\bin;C:\Users\Admin\AppData\Roaming\npm;C:\Users\Admin\AppData\Local\Programs\Microsoft VS Code\bin;C:\Users\Admin\AppData\Local\Programs\Azure Data Studio\bin
USERNAME=Admin
OS=Windows_NT
PROCESSOR_IDENTIFIER=AMD64 Family 25 Model 116 Stepping 1, AuthenticAMD
TMP=C:\Users\Admin\AppData\Local\Temp
TEMP=C:\Users\Admin\AppData\Local\Temp




Periodic native trim disabled

---------------  S Y S T E M  ---------------

OS:
 Windows 10 , 64 bit Build 19041 (10.0.19041.4842)
OS uptime: 0 days 9:30 hours

CPU: total 16 (initial active 16) (16 cores per cpu, 2 threads per core) family 25 model 116 stepping 1 microcode 0x0, cx8, cmov, fxsr, ht, mmx, 3dnowpref, sse, sse2, sse3, ssse3, sse4a, sse4.1, sse4.2, popcnt, lzcnt, tsc, tscinvbit, avx, avx2, aes, erms, clmul, bmi1, bmi2, adx, avx512f, avx512dq, avx512cd, avx512bw, avx512vl, sha, fma, vzeroupper, avx512_vpopcntdq, avx512_vpclmulqdq, avx512_vaes, avx512_vnni, clflush, clflushopt, avx512_vbmi2, avx512_vbmi, rdtscp, rdpid, fsrm, gfni, avx512_bitalg, f16c, pku, cet_ss, avx512_ifma
Processor Information for all 16 processors :
  Max Mhz: 3801, Current Mhz: 3801, Mhz Limit: 3801

Memory: 4k page, system-wide physical 15554M (7447M free)
TotalPageFile size 23746M (AvailPageFile size 125M)
current process WorkingSet (physical memory assigned to process): 11M, peak: 11M
current process commit charge ("private bytes"): 71M, peak: 315M

vm_info: Java HotSpot(TM) 64-Bit Server VM (22.0.2+9-70) for windows-amd64 JRE (22.0.2+9-70), built on 2024-06-04T16:52:23Z by "mach5one" with MS VC++ 17.6 (VS2022)

END.
